2021-12-08T14:44:14: Server listen at 3000
2021-12-08T14:44:14: connect to mongoDB
2021-12-08T14:45:14: Server listen at 3000
2021-12-08T14:45:14: connect to mongoDB
2021-12-08T22:07:05: Server listen at 3000
2021-12-08T22:07:05: connect to mongoDB
2021-12-08T22:07:59: Server listen at 3000
2021-12-08T22:07:59: connect to mongoDB
2021-12-08T22:11:29: error Error: Invalid login: 534-5.7.9 Application-specific password required. Learn more at
2021-12-08T22:11:29: 534 5.7.9  https://support.google.com/mail/?p=InvalidSecondFactor s8sm2817932pgl.77 - gsmtp
2021-12-08T22:11:29:     at SMTPConnection._formatError (C:\Users\84929\Desktop\PTUDW\node_modules\nodemailer\lib\smtp-connection\index.js:784:19)
2021-12-08T22:11:29:     at SMTPConnection._actionAUTHComplete (C:\Users\84929\Desktop\PTUDW\node_modules\nodemailer\lib\smtp-connection\index.js:1536:34)
2021-12-08T22:11:29:     at SMTPConnection.<anonymous> (C:\Users\84929\Desktop\PTUDW\node_modules\nodemailer\lib\smtp-connection\index.js:540:26)
2021-12-08T22:11:29:     at SMTPConnection._processResponse (C:\Users\84929\Desktop\PTUDW\node_modules\nodemailer\lib\smtp-connection\index.js:947:20)
2021-12-08T22:11:29:     at SMTPConnection._onData (C:\Users\84929\Desktop\PTUDW\node_modules\nodemailer\lib\smtp-connection\index.js:749:14)
2021-12-08T22:11:29:     at TLSSocket.SMTPConnection._onSocketData (C:\Users\84929\Desktop\PTUDW\node_modules\nodemailer\lib\smtp-connection\index.js:189:44)
2021-12-08T22:11:29:     at TLSSocket.emit (events.js:400:28)
2021-12-08T22:11:29:     at addChunk (internal/streams/readable.js:290:12)
2021-12-08T22:11:29:     at readableAddChunk (internal/streams/readable.js:265:9)
2021-12-08T22:11:29:     at TLSSocket.Readable.push (internal/streams/readable.js:204:10) {
2021-12-08T22:11:29:   code: 'EAUTH',
2021-12-08T22:11:29:   response: '534-5.7.9 Application-specific password required. Learn more at\n' +
2021-12-08T22:11:29:     '534 5.7.9  https://support.google.com/mail/?p=InvalidSecondFactor s8sm2817932pgl.77 - gsmtp',
2021-12-08T22:11:29:   responseCode: 534,
2021-12-08T22:11:29:   command: 'AUTH PLAIN'
2021-12-08T22:11:29: }
2021-12-08T22:11:55: error Error: Invalid login: 534-5.7.9 Application-specific password required. Learn more at
2021-12-08T22:11:55: 534 5.7.9  https://support.google.com/mail/?p=InvalidSecondFactor u32sm4287750pfg.220 - gsmtp
2021-12-08T22:11:55:     at SMTPConnection._formatError (C:\Users\84929\Desktop\PTUDW\node_modules\nodemailer\lib\smtp-connection\index.js:784:19)
2021-12-08T22:11:55:     at SMTPConnection._actionAUTHComplete (C:\Users\84929\Desktop\PTUDW\node_modules\nodemailer\lib\smtp-connection\index.js:1536:34)
2021-12-08T22:11:55:     at SMTPConnection.<anonymous> (C:\Users\84929\Desktop\PTUDW\node_modules\nodemailer\lib\smtp-connection\index.js:540:26)
2021-12-08T22:11:55:     at SMTPConnection._processResponse (C:\Users\84929\Desktop\PTUDW\node_modules\nodemailer\lib\smtp-connection\index.js:947:20)
2021-12-08T22:11:55:     at SMTPConnection._onData (C:\Users\84929\Desktop\PTUDW\node_modules\nodemailer\lib\smtp-connection\index.js:749:14)
2021-12-08T22:11:55:     at TLSSocket.SMTPConnection._onSocketData (C:\Users\84929\Desktop\PTUDW\node_modules\nodemailer\lib\smtp-connection\index.js:189:44)
2021-12-08T22:11:55:     at TLSSocket.emit (events.js:400:28)
2021-12-08T22:11:55:     at addChunk (internal/streams/readable.js:290:12)
2021-12-08T22:11:55:     at readableAddChunk (internal/streams/readable.js:265:9)
2021-12-08T22:11:55:     at TLSSocket.Readable.push (internal/streams/readable.js:204:10) {
2021-12-08T22:11:55:   code: 'EAUTH',
2021-12-08T22:11:55:   response: '534-5.7.9 Application-specific password required. Learn more at\n' +
2021-12-08T22:11:55:     '534 5.7.9  https://support.google.com/mail/?p=InvalidSecondFactor u32sm4287750pfg.220 - gsmtp',
2021-12-08T22:11:55:   responseCode: 534,
2021-12-08T22:11:55:   command: 'AUTH PLAIN'
2021-12-08T22:11:55: }
2021-12-08T22:12:48: Server listen at 3000
2021-12-08T22:12:48: connect to mongoDB
2021-12-08T22:12:51: error Error: Invalid login: 534-5.7.9 Application-specific password required. Learn more at
2021-12-08T22:12:51: 534 5.7.9  https://support.google.com/mail/?p=InvalidSecondFactor ot7sm6772675pjb.21 - gsmtp
2021-12-08T22:12:51:     at SMTPConnection._formatError (C:\Users\84929\Desktop\PTUDW\node_modules\nodemailer\lib\smtp-connection\index.js:784:19)
2021-12-08T22:12:51:     at SMTPConnection._actionAUTHComplete (C:\Users\84929\Desktop\PTUDW\node_modules\nodemailer\lib\smtp-connection\index.js:1536:34)
2021-12-08T22:12:51:     at SMTPConnection.<anonymous> (C:\Users\84929\Desktop\PTUDW\node_modules\nodemailer\lib\smtp-connection\index.js:540:26)
2021-12-08T22:12:51:     at SMTPConnection._processResponse (C:\Users\84929\Desktop\PTUDW\node_modules\nodemailer\lib\smtp-connection\index.js:947:20)
2021-12-08T22:12:51:     at SMTPConnection._onData (C:\Users\84929\Desktop\PTUDW\node_modules\nodemailer\lib\smtp-connection\index.js:749:14)
2021-12-08T22:12:51:     at TLSSocket.SMTPConnection._onSocketData (C:\Users\84929\Desktop\PTUDW\node_modules\nodemailer\lib\smtp-connection\index.js:189:44)
2021-12-08T22:12:51:     at TLSSocket.emit (events.js:400:28)
2021-12-08T22:12:51:     at addChunk (internal/streams/readable.js:290:12)
2021-12-08T22:12:51:     at readableAddChunk (internal/streams/readable.js:265:9)
2021-12-08T22:12:51:     at TLSSocket.Readable.push (internal/streams/readable.js:204:10) {
2021-12-08T22:12:51:   code: 'EAUTH',
2021-12-08T22:12:51:   response: '534-5.7.9 Application-specific password required. Learn more at\n' +
2021-12-08T22:12:51:     '534 5.7.9  https://support.google.com/mail/?p=InvalidSecondFactor ot7sm6772675pjb.21 - gsmtp',
2021-12-08T22:12:51:   responseCode: 534,
2021-12-08T22:12:51:   command: 'AUTH PLAIN'
2021-12-08T22:12:51: }
2021-12-08T22:14:50: Server listen at 3000
2021-12-08T22:14:50: connect to mongoDB
2021-12-08T22:14:57: error Error: Invalid login: 534-5.7.9 Application-specific password required. Learn more at
2021-12-08T22:14:57: 534 5.7.9  https://support.google.com/mail/?p=InvalidSecondFactor t186sm3813808pfc.122 - gsmtp
2021-12-08T22:14:57:     at SMTPConnection._formatError (C:\Users\84929\Desktop\PTUDW\node_modules\nodemailer\lib\smtp-connection\index.js:784:19)
2021-12-08T22:14:57:     at SMTPConnection._actionAUTHComplete (C:\Users\84929\Desktop\PTUDW\node_modules\nodemailer\lib\smtp-connection\index.js:1536:34)
2021-12-08T22:14:57:     at SMTPConnection.<anonymous> (C:\Users\84929\Desktop\PTUDW\node_modules\nodemailer\lib\smtp-connection\index.js:540:26)
2021-12-08T22:14:57:     at SMTPConnection._processResponse (C:\Users\84929\Desktop\PTUDW\node_modules\nodemailer\lib\smtp-connection\index.js:947:20)
2021-12-08T22:14:57:     at SMTPConnection._onData (C:\Users\84929\Desktop\PTUDW\node_modules\nodemailer\lib\smtp-connection\index.js:749:14)
2021-12-08T22:14:57:     at TLSSocket.SMTPConnection._onSocketData (C:\Users\84929\Desktop\PTUDW\node_modules\nodemailer\lib\smtp-connection\index.js:189:44)
2021-12-08T22:14:57:     at TLSSocket.emit (events.js:400:28)
2021-12-08T22:14:57:     at addChunk (internal/streams/readable.js:290:12)
2021-12-08T22:14:57:     at readableAddChunk (internal/streams/readable.js:265:9)
2021-12-08T22:14:57:     at TLSSocket.Readable.push (internal/streams/readable.js:204:10) {
2021-12-08T22:14:57:   code: 'EAUTH',
2021-12-08T22:14:57:   response: '534-5.7.9 Application-specific password required. Learn more at\n' +
2021-12-08T22:14:57:     '534 5.7.9  https://support.google.com/mail/?p=InvalidSecondFactor t186sm3813808pfc.122 - gsmtp',
2021-12-08T22:14:57:   responseCode: 534,
2021-12-08T22:14:57:   command: 'AUTH PLAIN'
2021-12-08T22:14:57: }
2021-12-08T22:15:56: Server listen at 3000
2021-12-08T22:15:56: connect to mongoDB
2021-12-08T22:16:13: error Error: Invalid login: 534-5.7.9 Application-specific password required. Learn more at
2021-12-08T22:16:13: 534 5.7.9  https://support.google.com/mail/?p=InvalidSecondFactor f2sm4231305pfe.132 - gsmtp
2021-12-08T22:16:13:     at SMTPConnection._formatError (C:\Users\84929\Desktop\PTUDW\node_modules\nodemailer\lib\smtp-connection\index.js:784:19)
2021-12-08T22:16:13:     at SMTPConnection._actionAUTHComplete (C:\Users\84929\Desktop\PTUDW\node_modules\nodemailer\lib\smtp-connection\index.js:1536:34)
2021-12-08T22:16:13:     at SMTPConnection.<anonymous> (C:\Users\84929\Desktop\PTUDW\node_modules\nodemailer\lib\smtp-connection\index.js:540:26)
2021-12-08T22:16:13:     at SMTPConnection._processResponse (C:\Users\84929\Desktop\PTUDW\node_modules\nodemailer\lib\smtp-connection\index.js:947:20)
2021-12-08T22:16:13:     at SMTPConnection._onData (C:\Users\84929\Desktop\PTUDW\node_modules\nodemailer\lib\smtp-connection\index.js:749:14)
2021-12-08T22:16:13:     at TLSSocket.SMTPConnection._onSocketData (C:\Users\84929\Desktop\PTUDW\node_modules\nodemailer\lib\smtp-connection\index.js:189:44)
2021-12-08T22:16:13:     at TLSSocket.emit (events.js:400:28)
2021-12-08T22:16:13:     at addChunk (internal/streams/readable.js:290:12)
2021-12-08T22:16:13:     at readableAddChunk (internal/streams/readable.js:265:9)
2021-12-08T22:16:13:     at TLSSocket.Readable.push (internal/streams/readable.js:204:10) {
2021-12-08T22:16:13:   code: 'EAUTH',
2021-12-08T22:16:13:   response: '534-5.7.9 Application-specific password required. Learn more at\n' +
2021-12-08T22:16:13:     '534 5.7.9  https://support.google.com/mail/?p=InvalidSecondFactor f2sm4231305pfe.132 - gsmtp',
2021-12-08T22:16:13:   responseCode: 534,
2021-12-08T22:16:13:   command: 'AUTH PLAIN'
2021-12-08T22:16:13: }
2021-12-08T22:19:36: Server listen at 3000
2021-12-08T22:19:36: connect to mongoDB
2021-12-08T22:19:38: error Error: Invalid login: 534-5.7.9 Application-specific password required. Learn more at
2021-12-08T22:19:38: 534 5.7.9  https://support.google.com/mail/?p=InvalidSecondFactor t130sm3215479pgc.9 - gsmtp
2021-12-08T22:19:38:     at SMTPConnection._formatError (C:\Users\84929\Desktop\PTUDW\node_modules\nodemailer\lib\smtp-connection\index.js:784:19)
2021-12-08T22:19:38:     at SMTPConnection._actionAUTHComplete (C:\Users\84929\Desktop\PTUDW\node_modules\nodemailer\lib\smtp-connection\index.js:1536:34)
2021-12-08T22:19:38:     at SMTPConnection.<anonymous> (C:\Users\84929\Desktop\PTUDW\node_modules\nodemailer\lib\smtp-connection\index.js:540:26)
2021-12-08T22:19:38:     at SMTPConnection._processResponse (C:\Users\84929\Desktop\PTUDW\node_modules\nodemailer\lib\smtp-connection\index.js:947:20)
2021-12-08T22:19:38:     at SMTPConnection._onData (C:\Users\84929\Desktop\PTUDW\node_modules\nodemailer\lib\smtp-connection\index.js:749:14)
2021-12-08T22:19:38:     at TLSSocket.SMTPConnection._onSocketData (C:\Users\84929\Desktop\PTUDW\node_modules\nodemailer\lib\smtp-connection\index.js:189:44)
2021-12-08T22:19:38:     at TLSSocket.emit (events.js:400:28)
2021-12-08T22:19:38:     at addChunk (internal/streams/readable.js:290:12)
2021-12-08T22:19:38:     at readableAddChunk (internal/streams/readable.js:265:9)
2021-12-08T22:19:38:     at TLSSocket.Readable.push (internal/streams/readable.js:204:10) {
2021-12-08T22:19:38:   code: 'EAUTH',
2021-12-08T22:19:38:   response: '534-5.7.9 Application-specific password required. Learn more at\n' +
2021-12-08T22:19:38:     '534 5.7.9  https://support.google.com/mail/?p=InvalidSecondFactor t130sm3215479pgc.9 - gsmtp',
2021-12-08T22:19:38:   responseCode: 534,
2021-12-08T22:19:38:   command: 'AUTH PLAIN'
2021-12-08T22:19:38: }
2021-12-08T22:22:08: Server listen at 3000
2021-12-08T22:22:08: connect to mongoDB
2021-12-08T22:22:11: error Error: Invalid login: 534-5.7.9 Application-specific password required. Learn more at
2021-12-08T22:22:11: 534 5.7.9  https://support.google.com/mail/?p=InvalidSecondFactor np1sm6790056pjb.22 - gsmtp
2021-12-08T22:22:11:     at SMTPConnection._formatError (C:\Users\84929\Desktop\PTUDW\node_modules\nodemailer\lib\smtp-connection\index.js:784:19)
2021-12-08T22:22:11:     at SMTPConnection._actionAUTHComplete (C:\Users\84929\Desktop\PTUDW\node_modules\nodemailer\lib\smtp-connection\index.js:1536:34)
2021-12-08T22:22:11:     at SMTPConnection.<anonymous> (C:\Users\84929\Desktop\PTUDW\node_modules\nodemailer\lib\smtp-connection\index.js:540:26)
2021-12-08T22:22:11:     at SMTPConnection._processResponse (C:\Users\84929\Desktop\PTUDW\node_modules\nodemailer\lib\smtp-connection\index.js:947:20)
2021-12-08T22:22:11:     at SMTPConnection._onData (C:\Users\84929\Desktop\PTUDW\node_modules\nodemailer\lib\smtp-connection\index.js:749:14)
2021-12-08T22:22:11:     at TLSSocket.SMTPConnection._onSocketData (C:\Users\84929\Desktop\PTUDW\node_modules\nodemailer\lib\smtp-connection\index.js:189:44)
2021-12-08T22:22:11:     at TLSSocket.emit (events.js:400:28)
2021-12-08T22:22:11:     at addChunk (internal/streams/readable.js:290:12)
2021-12-08T22:22:11:     at readableAddChunk (internal/streams/readable.js:265:9)
2021-12-08T22:22:11:     at TLSSocket.Readable.push (internal/streams/readable.js:204:10) {
2021-12-08T22:22:11:   code: 'EAUTH',
2021-12-08T22:22:11:   response: '534-5.7.9 Application-specific password required. Learn more at\n' +
2021-12-08T22:22:11:     '534 5.7.9  https://support.google.com/mail/?p=InvalidSecondFactor np1sm6790056pjb.22 - gsmtp',
2021-12-08T22:22:11:   responseCode: 534,
2021-12-08T22:22:11:   command: 'AUTH PLAIN'
2021-12-08T22:22:11: }
2021-12-08T22:27:36: TypeError: Cannot read property 'password' of null
2021-12-08T22:27:36:     at C:\Users\84929\Desktop\PTUDW\app-chat\dist\controller\user.controller.js:154:81
2021-12-08T22:27:36:     at Generator.next (<anonymous>)
2021-12-08T22:27:36:     at fulfilled (C:\Users\84929\Desktop\PTUDW\app-chat\dist\controller\user.controller.js:5:58)
2021-12-08T22:27:36:     at processTicksAndRejections (internal/process/task_queues.js:95:5)
2021-12-08T22:28:31: Server listen at 3000
2021-12-08T22:28:31: connect to mongoDB
2021-12-08T22:28:32: TypeError: Cannot read property 'password' of null
2021-12-08T22:28:32:     at C:\Users\84929\Desktop\PTUDW\app-chat\dist\controller\user.controller.js:154:81
2021-12-08T22:28:32:     at Generator.next (<anonymous>)
2021-12-08T22:28:32:     at fulfilled (C:\Users\84929\Desktop\PTUDW\app-chat\dist\controller\user.controller.js:5:58)
2021-12-08T22:28:32:     at processTicksAndRejections (internal/process/task_queues.js:95:5)
2021-12-08T22:30:03: error Error: Invalid login: 534-5.7.9 Application-specific password required. Learn more at
2021-12-08T22:30:03: 534 5.7.9  https://support.google.com/mail/?p=InvalidSecondFactor u9sm4067767pfi.23 - gsmtp
2021-12-08T22:30:03:     at SMTPConnection._formatError (C:\Users\84929\Desktop\PTUDW\node_modules\nodemailer\lib\smtp-connection\index.js:784:19)
2021-12-08T22:30:03:     at SMTPConnection._actionAUTHComplete (C:\Users\84929\Desktop\PTUDW\node_modules\nodemailer\lib\smtp-connection\index.js:1536:34)
2021-12-08T22:30:03:     at SMTPConnection.<anonymous> (C:\Users\84929\Desktop\PTUDW\node_modules\nodemailer\lib\smtp-connection\index.js:540:26)
2021-12-08T22:30:03:     at SMTPConnection._processResponse (C:\Users\84929\Desktop\PTUDW\node_modules\nodemailer\lib\smtp-connection\index.js:947:20)
2021-12-08T22:30:03:     at SMTPConnection._onData (C:\Users\84929\Desktop\PTUDW\node_modules\nodemailer\lib\smtp-connection\index.js:749:14)
2021-12-08T22:30:03:     at TLSSocket.SMTPConnection._onSocketData (C:\Users\84929\Desktop\PTUDW\node_modules\nodemailer\lib\smtp-connection\index.js:189:44)
2021-12-08T22:30:03:     at TLSSocket.emit (events.js:400:28)
2021-12-08T22:30:03:     at addChunk (internal/streams/readable.js:290:12)
2021-12-08T22:30:03:     at readableAddChunk (internal/streams/readable.js:265:9)
2021-12-08T22:30:03:     at TLSSocket.Readable.push (internal/streams/readable.js:204:10) {
2021-12-08T22:30:03:   code: 'EAUTH',
2021-12-08T22:30:03:   response: '534-5.7.9 Application-specific password required. Learn more at\n' +
2021-12-08T22:30:03:     '534 5.7.9  https://support.google.com/mail/?p=InvalidSecondFactor u9sm4067767pfi.23 - gsmtp',
2021-12-08T22:30:03:   responseCode: 534,
2021-12-08T22:30:03:   command: 'AUTH PLAIN'
2021-12-08T22:30:03: }
2021-12-08T22:32:26: Server listen at 3000
2021-12-08T22:32:26: connect to mongoDB
2021-12-08T22:32:29: error Error: Invalid login: 535-5.7.8 Username and Password not accepted. Learn more at
2021-12-08T22:32:29: 535 5.7.8  https://support.google.com/mail/?p=BadCredentials u32sm4338033pfg.220 - gsmtp
2021-12-08T22:32:29:     at SMTPConnection._formatError (C:\Users\84929\Desktop\PTUDW\node_modules\nodemailer\lib\smtp-connection\index.js:784:19)
2021-12-08T22:32:29:     at SMTPConnection._actionAUTHComplete (C:\Users\84929\Desktop\PTUDW\node_modules\nodemailer\lib\smtp-connection\index.js:1536:34)
2021-12-08T22:32:29:     at SMTPConnection.<anonymous> (C:\Users\84929\Desktop\PTUDW\node_modules\nodemailer\lib\smtp-connection\index.js:540:26)
2021-12-08T22:32:29:     at SMTPConnection._processResponse (C:\Users\84929\Desktop\PTUDW\node_modules\nodemailer\lib\smtp-connection\index.js:947:20)
2021-12-08T22:32:29:     at SMTPConnection._onData (C:\Users\84929\Desktop\PTUDW\node_modules\nodemailer\lib\smtp-connection\index.js:749:14)
2021-12-08T22:32:29:     at TLSSocket.SMTPConnection._onSocketData (C:\Users\84929\Desktop\PTUDW\node_modules\nodemailer\lib\smtp-connection\index.js:189:44)
2021-12-08T22:32:29:     at TLSSocket.emit (events.js:400:28)
2021-12-08T22:32:29:     at addChunk (internal/streams/readable.js:290:12)
2021-12-08T22:32:29:     at readableAddChunk (internal/streams/readable.js:265:9)
2021-12-08T22:32:29:     at TLSSocket.Readable.push (internal/streams/readable.js:204:10) {
2021-12-08T22:32:29:   code: 'EAUTH',
2021-12-08T22:32:29:   response: '535-5.7.8 Username and Password not accepted. Learn more at\n' +
2021-12-08T22:32:29:     '535 5.7.8  https://support.google.com/mail/?p=BadCredentials u32sm4338033pfg.220 - gsmtp',
2021-12-08T22:32:29:   responseCode: 535,
2021-12-08T22:32:29:   command: 'AUTH PLAIN'
2021-12-08T22:32:29: }
2021-12-08T22:32:33: MongoServerError: E11000 duplicate key error collection: AppChat.users index: name_1 dup key: { name: "vochihieu2s" }
2021-12-08T22:32:33:     at C:\Users\84929\Desktop\PTUDW\app-chat\node_modules\mongodb\lib\operations\insert.js:51:33
2021-12-08T22:32:33:     at C:\Users\84929\Desktop\PTUDW\app-chat\node_modules\mongodb\lib\cmap\connection_pool.js:272:25
2021-12-08T22:32:33:     at handleOperationResult (C:\Users\84929\Desktop\PTUDW\app-chat\node_modules\mongodb\lib\sdam\server.js:363:9)
2021-12-08T22:32:33:     at MessageStream.messageHandler (C:\Users\84929\Desktop\PTUDW\app-chat\node_modules\mongodb\lib\cmap\connection.js:479:9)
2021-12-08T22:32:33:     at MessageStream.emit (events.js:400:28)
2021-12-08T22:32:33:     at processIncomingData (C:\Users\84929\Desktop\PTUDW\app-chat\node_modules\mongodb\lib\cmap\message_stream.js:108:16)
2021-12-08T22:32:33:     at MessageStream._write (C:\Users\84929\Desktop\PTUDW\app-chat\node_modules\mongodb\lib\cmap\message_stream.js:28:9)
2021-12-08T22:32:33:     at writeOrBuffer (internal/streams/writable.js:358:12)
2021-12-08T22:32:33:     at MessageStream.Writable.write (internal/streams/writable.js:303:10)
2021-12-08T22:32:33:     at Socket.ondata (internal/streams/readable.js:726:22) {
2021-12-08T22:32:33:   index: 0,
2021-12-08T22:32:33:   code: 11000,
2021-12-08T22:32:33:   keyPattern: { name: 1 },
2021-12-08T22:32:33:   keyValue: { name: 'vochihieu2s' }
2021-12-08T22:32:33: }
2021-12-08T22:38:20: Server listen at 3000
2021-12-08T22:38:20: connect to mongoDB
2021-12-08T22:38:28: Server listen at 3000
2021-12-08T22:38:28: connect to mongoDB
2021-12-12T20:30:56: Server listen at 3000
2021-12-12T20:30:56: connect to mongoDB
2021-12-12T20:33:04: error Error: Invalid login: 535-5.7.8 Username and Password not accepted. Learn more at
2021-12-12T20:33:04: 535 5.7.8  https://support.google.com/mail/?p=BadCredentials s190sm7446771pgs.74 - gsmtp
2021-12-12T20:33:04:     at SMTPConnection._formatError (C:\Users\84929\Desktop\PTUDW\node_modules\nodemailer\lib\smtp-connection\index.js:784:19)
2021-12-12T20:33:04:     at SMTPConnection._actionAUTHComplete (C:\Users\84929\Desktop\PTUDW\node_modules\nodemailer\lib\smtp-connection\index.js:1536:34)
2021-12-12T20:33:04:     at SMTPConnection.<anonymous> (C:\Users\84929\Desktop\PTUDW\node_modules\nodemailer\lib\smtp-connection\index.js:540:26)
2021-12-12T20:33:04:     at SMTPConnection._processResponse (C:\Users\84929\Desktop\PTUDW\node_modules\nodemailer\lib\smtp-connection\index.js:947:20)
2021-12-12T20:33:04:     at SMTPConnection._onData (C:\Users\84929\Desktop\PTUDW\node_modules\nodemailer\lib\smtp-connection\index.js:749:14)
2021-12-12T20:33:04:     at TLSSocket.SMTPConnection._onSocketData (C:\Users\84929\Desktop\PTUDW\node_modules\nodemailer\lib\smtp-connection\index.js:189:44)
2021-12-12T20:33:04:     at TLSSocket.emit (events.js:400:28)
2021-12-12T20:33:04:     at addChunk (internal/streams/readable.js:290:12)
2021-12-12T20:33:04:     at readableAddChunk (internal/streams/readable.js:265:9)
2021-12-12T20:33:04:     at TLSSocket.Readable.push (internal/streams/readable.js:204:10) {
2021-12-12T20:33:04:   code: 'EAUTH',
2021-12-12T20:33:04:   response: '535-5.7.8 Username and Password not accepted. Learn more at\n' +
2021-12-12T20:33:04:     '535 5.7.8  https://support.google.com/mail/?p=BadCredentials s190sm7446771pgs.74 - gsmtp',
2021-12-12T20:33:04:   responseCode: 535,
2021-12-12T20:33:04:   command: 'AUTH PLAIN'
2021-12-12T20:33:04: }
2021-12-12T20:40:26: Server listen at 3000
2021-12-12T20:40:26: connect to mongoDB
2021-12-12T20:40:34: error Error: Invalid login: 535-5.7.8 Username and Password not accepted. Learn more at
2021-12-12T20:40:34: 535 5.7.8  https://support.google.com/mail/?p=BadCredentials l6sm9760207pfc.30 - gsmtp
2021-12-12T20:40:34:     at SMTPConnection._formatError (C:\Users\84929\Desktop\PTUDW\node_modules\nodemailer\lib\smtp-connection\index.js:784:19)
2021-12-12T20:40:34:     at SMTPConnection._actionAUTHComplete (C:\Users\84929\Desktop\PTUDW\node_modules\nodemailer\lib\smtp-connection\index.js:1536:34)
2021-12-12T20:40:34:     at SMTPConnection.<anonymous> (C:\Users\84929\Desktop\PTUDW\node_modules\nodemailer\lib\smtp-connection\index.js:540:26)
2021-12-12T20:40:34:     at SMTPConnection._processResponse (C:\Users\84929\Desktop\PTUDW\node_modules\nodemailer\lib\smtp-connection\index.js:947:20)
2021-12-12T20:40:34:     at SMTPConnection._onData (C:\Users\84929\Desktop\PTUDW\node_modules\nodemailer\lib\smtp-connection\index.js:749:14)
2021-12-12T20:40:34:     at TLSSocket.SMTPConnection._onSocketData (C:\Users\84929\Desktop\PTUDW\node_modules\nodemailer\lib\smtp-connection\index.js:189:44)
2021-12-12T20:40:34:     at TLSSocket.emit (events.js:400:28)
2021-12-12T20:40:34:     at addChunk (internal/streams/readable.js:290:12)
2021-12-12T20:40:34:     at readableAddChunk (internal/streams/readable.js:265:9)
2021-12-12T20:40:34:     at TLSSocket.Readable.push (internal/streams/readable.js:204:10) {
2021-12-12T20:40:34:   code: 'EAUTH',
2021-12-12T20:40:34:   response: '535-5.7.8 Username and Password not accepted. Learn more at\n' +
2021-12-12T20:40:34:     '535 5.7.8  https://support.google.com/mail/?p=BadCredentials l6sm9760207pfc.30 - gsmtp',
2021-12-12T20:40:34:   responseCode: 535,
2021-12-12T20:40:34:   command: 'AUTH PLAIN'
2021-12-12T20:40:34: }
2021-12-12T22:03:30: Error: Cannot find module 'bcrypt'
2021-12-12T22:03:30: Require stack:
2021-12-12T22:03:30: - C:\Users\84929\Desktop\PTUDW\app-chat\dist\service\user.service.js
2021-12-12T22:03:30: - C:\Users\84929\Desktop\PTUDW\app-chat\dist\controller\user.controller.js
2021-12-12T22:03:30: - C:\Users\84929\Desktop\PTUDW\app-chat\dist\routes\user.route.js
2021-12-12T22:03:30: - C:\Users\84929\Desktop\PTUDW\app-chat\dist\routes\index.js
2021-12-12T22:03:30: - C:\Users\84929\Desktop\PTUDW\app-chat\dist\app.js
2021-12-12T22:03:30:     at Function.Module._resolveFilename (internal/modules/cjs/loader.js:889:15)
2021-12-12T22:03:30:     at Module.Hook._require.Module.require (C:\Users\84929\AppData\Roaming\npm\node_modules\pm2\node_modules\require-in-the-middle\index.js:61:29)
2021-12-12T22:03:30:     at require (internal/modules/cjs/helpers.js:92:18)
2021-12-12T22:03:30:     at Object.<anonymous> (C:\Users\84929\Desktop\PTUDW\app-chat\dist\service\user.service.js:12:16)
2021-12-12T22:03:30:     at Module._compile (internal/modules/cjs/loader.js:1072:14)
2021-12-12T22:03:30:     at Object.Module._extensions..js (internal/modules/cjs/loader.js:1101:10)
2021-12-12T22:03:30:     at Module.load (internal/modules/cjs/loader.js:937:32)
2021-12-12T22:03:30:     at Function.Module._load (internal/modules/cjs/loader.js:778:12)
2021-12-12T22:03:30:     at Module.require (internal/modules/cjs/loader.js:961:19)
2021-12-12T22:03:30:     at Module.Hook._require.Module.require (C:\Users\84929\AppData\Roaming\npm\node_modules\pm2\node_modules\require-in-the-middle\index.js:80:39) {
2021-12-12T22:03:30:   code: 'MODULE_NOT_FOUND',
2021-12-12T22:03:30:   requireStack: [
2021-12-12T22:03:30:     'C:\\Users\\84929\\Desktop\\PTUDW\\app-chat\\dist\\service\\user.service.js',
2021-12-12T22:03:30:     'C:\\Users\\84929\\Desktop\\PTUDW\\app-chat\\dist\\controller\\user.controller.js',
2021-12-12T22:03:30:     'C:\\Users\\84929\\Desktop\\PTUDW\\app-chat\\dist\\routes\\user.route.js',
2021-12-12T22:03:30:     'C:\\Users\\84929\\Desktop\\PTUDW\\app-chat\\dist\\routes\\index.js',
2021-12-12T22:03:30:     'C:\\Users\\84929\\Desktop\\PTUDW\\app-chat\\dist\\app.js'
2021-12-12T22:03:30:   ]
2021-12-12T22:03:30: }
2021-12-12T22:03:31: Error: Cannot find module 'bcrypt'
2021-12-12T22:03:31: Require stack:
2021-12-12T22:03:31: - C:\Users\84929\Desktop\PTUDW\app-chat\dist\service\user.service.js
2021-12-12T22:03:31: - C:\Users\84929\Desktop\PTUDW\app-chat\dist\controller\user.controller.js
2021-12-12T22:03:31: - C:\Users\84929\Desktop\PTUDW\app-chat\dist\routes\user.route.js
2021-12-12T22:03:31: - C:\Users\84929\Desktop\PTUDW\app-chat\dist\routes\index.js
2021-12-12T22:03:31: - C:\Users\84929\Desktop\PTUDW\app-chat\dist\app.js
2021-12-12T22:03:31:     at Function.Module._resolveFilename (internal/modules/cjs/loader.js:889:15)
2021-12-12T22:03:31:     at Module.Hook._require.Module.require (C:\Users\84929\AppData\Roaming\npm\node_modules\pm2\node_modules\require-in-the-middle\index.js:61:29)
2021-12-12T22:03:31:     at require (internal/modules/cjs/helpers.js:92:18)
2021-12-12T22:03:31:     at Object.<anonymous> (C:\Users\84929\Desktop\PTUDW\app-chat\dist\service\user.service.js:12:16)
2021-12-12T22:03:31:     at Module._compile (internal/modules/cjs/loader.js:1072:14)
2021-12-12T22:03:31:     at Object.Module._extensions..js (internal/modules/cjs/loader.js:1101:10)
2021-12-12T22:03:31:     at Module.load (internal/modules/cjs/loader.js:937:32)
2021-12-12T22:03:31:     at Function.Module._load (internal/modules/cjs/loader.js:778:12)
2021-12-12T22:03:31:     at Module.require (internal/modules/cjs/loader.js:961:19)
2021-12-12T22:03:31:     at Module.Hook._require.Module.require (C:\Users\84929\AppData\Roaming\npm\node_modules\pm2\node_modules\require-in-the-middle\index.js:80:39) {
2021-12-12T22:03:31:   code: 'MODULE_NOT_FOUND',
2021-12-12T22:03:31:   requireStack: [
2021-12-12T22:03:31:     'C:\\Users\\84929\\Desktop\\PTUDW\\app-chat\\dist\\service\\user.service.js',
2021-12-12T22:03:31:     'C:\\Users\\84929\\Desktop\\PTUDW\\app-chat\\dist\\controller\\user.controller.js',
2021-12-12T22:03:31:     'C:\\Users\\84929\\Desktop\\PTUDW\\app-chat\\dist\\routes\\user.route.js',
2021-12-12T22:03:31:     'C:\\Users\\84929\\Desktop\\PTUDW\\app-chat\\dist\\routes\\index.js',
2021-12-12T22:03:31:     'C:\\Users\\84929\\Desktop\\PTUDW\\app-chat\\dist\\app.js'
2021-12-12T22:03:31:   ]
2021-12-12T22:03:31: }
2021-12-12T22:03:31: Error: Cannot find module 'bcrypt'
2021-12-12T22:03:31: Require stack:
2021-12-12T22:03:31: - C:\Users\84929\Desktop\PTUDW\app-chat\dist\service\user.service.js
2021-12-12T22:03:31: - C:\Users\84929\Desktop\PTUDW\app-chat\dist\controller\user.controller.js
2021-12-12T22:03:31: - C:\Users\84929\Desktop\PTUDW\app-chat\dist\routes\user.route.js
2021-12-12T22:03:31: - C:\Users\84929\Desktop\PTUDW\app-chat\dist\routes\index.js
2021-12-12T22:03:31: - C:\Users\84929\Desktop\PTUDW\app-chat\dist\app.js
2021-12-12T22:03:31:     at Function.Module._resolveFilename (internal/modules/cjs/loader.js:889:15)
2021-12-12T22:03:31:     at Module.Hook._require.Module.require (C:\Users\84929\AppData\Roaming\npm\node_modules\pm2\node_modules\require-in-the-middle\index.js:61:29)
2021-12-12T22:03:31:     at require (internal/modules/cjs/helpers.js:92:18)
2021-12-12T22:03:31:     at Object.<anonymous> (C:\Users\84929\Desktop\PTUDW\app-chat\dist\service\user.service.js:12:16)
2021-12-12T22:03:31:     at Module._compile (internal/modules/cjs/loader.js:1072:14)
2021-12-12T22:03:31:     at Object.Module._extensions..js (internal/modules/cjs/loader.js:1101:10)
2021-12-12T22:03:31:     at Module.load (internal/modules/cjs/loader.js:937:32)
2021-12-12T22:03:31:     at Function.Module._load (internal/modules/cjs/loader.js:778:12)
2021-12-12T22:03:31:     at Module.require (internal/modules/cjs/loader.js:961:19)
2021-12-12T22:03:31:     at Module.Hook._require.Module.require (C:\Users\84929\AppData\Roaming\npm\node_modules\pm2\node_modules\require-in-the-middle\index.js:80:39) {
2021-12-12T22:03:31:   code: 'MODULE_NOT_FOUND',
2021-12-12T22:03:31:   requireStack: [
2021-12-12T22:03:31:     'C:\\Users\\84929\\Desktop\\PTUDW\\app-chat\\dist\\service\\user.service.js',
2021-12-12T22:03:31:     'C:\\Users\\84929\\Desktop\\PTUDW\\app-chat\\dist\\controller\\user.controller.js',
2021-12-12T22:03:31:     'C:\\Users\\84929\\Desktop\\PTUDW\\app-chat\\dist\\routes\\user.route.js',
2021-12-12T22:03:31:     'C:\\Users\\84929\\Desktop\\PTUDW\\app-chat\\dist\\routes\\index.js',
2021-12-12T22:03:31:     'C:\\Users\\84929\\Desktop\\PTUDW\\app-chat\\dist\\app.js'
2021-12-12T22:03:31:   ]
2021-12-12T22:03:31: }
2021-12-12T22:03:32: Error: Cannot find module 'bcrypt'
2021-12-12T22:03:32: Require stack:
2021-12-12T22:03:32: - C:\Users\84929\Desktop\PTUDW\app-chat\dist\service\user.service.js
2021-12-12T22:03:32: - C:\Users\84929\Desktop\PTUDW\app-chat\dist\controller\user.controller.js
2021-12-12T22:03:32: - C:\Users\84929\Desktop\PTUDW\app-chat\dist\routes\user.route.js
2021-12-12T22:03:32: - C:\Users\84929\Desktop\PTUDW\app-chat\dist\routes\index.js
2021-12-12T22:03:32: - C:\Users\84929\Desktop\PTUDW\app-chat\dist\app.js
2021-12-12T22:03:32:     at Function.Module._resolveFilename (internal/modules/cjs/loader.js:889:15)
2021-12-12T22:03:32:     at Module.Hook._require.Module.require (C:\Users\84929\AppData\Roaming\npm\node_modules\pm2\node_modules\require-in-the-middle\index.js:61:29)
2021-12-12T22:03:32:     at require (internal/modules/cjs/helpers.js:92:18)
2021-12-12T22:03:32:     at Object.<anonymous> (C:\Users\84929\Desktop\PTUDW\app-chat\dist\service\user.service.js:12:16)
2021-12-12T22:03:32:     at Module._compile (internal/modules/cjs/loader.js:1072:14)
2021-12-12T22:03:32:     at Object.Module._extensions..js (internal/modules/cjs/loader.js:1101:10)
2021-12-12T22:03:32:     at Module.load (internal/modules/cjs/loader.js:937:32)
2021-12-12T22:03:32:     at Function.Module._load (internal/modules/cjs/loader.js:778:12)
2021-12-12T22:03:32:     at Module.require (internal/modules/cjs/loader.js:961:19)
2021-12-12T22:03:32:     at Module.Hook._require.Module.require (C:\Users\84929\AppData\Roaming\npm\node_modules\pm2\node_modules\require-in-the-middle\index.js:80:39) {
2021-12-12T22:03:32:   code: 'MODULE_NOT_FOUND',
2021-12-12T22:03:32:   requireStack: [
2021-12-12T22:03:32:     'C:\\Users\\84929\\Desktop\\PTUDW\\app-chat\\dist\\service\\user.service.js',
2021-12-12T22:03:32:     'C:\\Users\\84929\\Desktop\\PTUDW\\app-chat\\dist\\controller\\user.controller.js',
2021-12-12T22:03:32:     'C:\\Users\\84929\\Desktop\\PTUDW\\app-chat\\dist\\routes\\user.route.js',
2021-12-12T22:03:32:     'C:\\Users\\84929\\Desktop\\PTUDW\\app-chat\\dist\\routes\\index.js',
2021-12-12T22:03:32:     'C:\\Users\\84929\\Desktop\\PTUDW\\app-chat\\dist\\app.js'
2021-12-12T22:03:32:   ]
2021-12-12T22:03:32: }
2021-12-12T22:03:32: Error: Cannot find module 'bcrypt'
2021-12-12T22:03:32: Require stack:
2021-12-12T22:03:32: - C:\Users\84929\Desktop\PTUDW\app-chat\dist\service\user.service.js
2021-12-12T22:03:32: - C:\Users\84929\Desktop\PTUDW\app-chat\dist\controller\user.controller.js
2021-12-12T22:03:32: - C:\Users\84929\Desktop\PTUDW\app-chat\dist\routes\user.route.js
2021-12-12T22:03:32: - C:\Users\84929\Desktop\PTUDW\app-chat\dist\routes\index.js
2021-12-12T22:03:32: - C:\Users\84929\Desktop\PTUDW\app-chat\dist\app.js
2021-12-12T22:03:32:     at Function.Module._resolveFilename (internal/modules/cjs/loader.js:889:15)
2021-12-12T22:03:32:     at Module.Hook._require.Module.require (C:\Users\84929\AppData\Roaming\npm\node_modules\pm2\node_modules\require-in-the-middle\index.js:61:29)
2021-12-12T22:03:32:     at require (internal/modules/cjs/helpers.js:92:18)
2021-12-12T22:03:32:     at Object.<anonymous> (C:\Users\84929\Desktop\PTUDW\app-chat\dist\service\user.service.js:12:16)
2021-12-12T22:03:32:     at Module._compile (internal/modules/cjs/loader.js:1072:14)
2021-12-12T22:03:32:     at Object.Module._extensions..js (internal/modules/cjs/loader.js:1101:10)
2021-12-12T22:03:32:     at Module.load (internal/modules/cjs/loader.js:937:32)
2021-12-12T22:03:32:     at Function.Module._load (internal/modules/cjs/loader.js:778:12)
2021-12-12T22:03:32:     at Module.require (internal/modules/cjs/loader.js:961:19)
2021-12-12T22:03:32:     at Module.Hook._require.Module.require (C:\Users\84929\AppData\Roaming\npm\node_modules\pm2\node_modules\require-in-the-middle\index.js:80:39) {
2021-12-12T22:03:32:   code: 'MODULE_NOT_FOUND',
2021-12-12T22:03:32:   requireStack: [
2021-12-12T22:03:32:     'C:\\Users\\84929\\Desktop\\PTUDW\\app-chat\\dist\\service\\user.service.js',
2021-12-12T22:03:32:     'C:\\Users\\84929\\Desktop\\PTUDW\\app-chat\\dist\\controller\\user.controller.js',
2021-12-12T22:03:32:     'C:\\Users\\84929\\Desktop\\PTUDW\\app-chat\\dist\\routes\\user.route.js',
2021-12-12T22:03:32:     'C:\\Users\\84929\\Desktop\\PTUDW\\app-chat\\dist\\routes\\index.js',
2021-12-12T22:03:32:     'C:\\Users\\84929\\Desktop\\PTUDW\\app-chat\\dist\\app.js'
2021-12-12T22:03:32:   ]
2021-12-12T22:03:32: }
2021-12-12T22:03:33: Error: Cannot find module 'bcrypt'
2021-12-12T22:03:33: Require stack:
2021-12-12T22:03:33: - C:\Users\84929\Desktop\PTUDW\app-chat\dist\service\user.service.js
2021-12-12T22:03:33: - C:\Users\84929\Desktop\PTUDW\app-chat\dist\controller\user.controller.js
2021-12-12T22:03:33: - C:\Users\84929\Desktop\PTUDW\app-chat\dist\routes\user.route.js
2021-12-12T22:03:33: - C:\Users\84929\Desktop\PTUDW\app-chat\dist\routes\index.js
2021-12-12T22:03:33: - C:\Users\84929\Desktop\PTUDW\app-chat\dist\app.js
2021-12-12T22:03:33:     at Function.Module._resolveFilename (internal/modules/cjs/loader.js:889:15)
2021-12-12T22:03:33:     at Module.Hook._require.Module.require (C:\Users\84929\AppData\Roaming\npm\node_modules\pm2\node_modules\require-in-the-middle\index.js:61:29)
2021-12-12T22:03:33:     at require (internal/modules/cjs/helpers.js:92:18)
2021-12-12T22:03:33:     at Object.<anonymous> (C:\Users\84929\Desktop\PTUDW\app-chat\dist\service\user.service.js:12:16)
2021-12-12T22:03:33:     at Module._compile (internal/modules/cjs/loader.js:1072:14)
2021-12-12T22:03:33:     at Object.Module._extensions..js (internal/modules/cjs/loader.js:1101:10)
2021-12-12T22:03:33:     at Module.load (internal/modules/cjs/loader.js:937:32)
2021-12-12T22:03:33:     at Function.Module._load (internal/modules/cjs/loader.js:778:12)
2021-12-12T22:03:33:     at Module.require (internal/modules/cjs/loader.js:961:19)
2021-12-12T22:03:33:     at Module.Hook._require.Module.require (C:\Users\84929\AppData\Roaming\npm\node_modules\pm2\node_modules\require-in-the-middle\index.js:80:39) {
2021-12-12T22:03:33:   code: 'MODULE_NOT_FOUND',
2021-12-12T22:03:33:   requireStack: [
2021-12-12T22:03:33:     'C:\\Users\\84929\\Desktop\\PTUDW\\app-chat\\dist\\service\\user.service.js',
2021-12-12T22:03:33:     'C:\\Users\\84929\\Desktop\\PTUDW\\app-chat\\dist\\controller\\user.controller.js',
2021-12-12T22:03:33:     'C:\\Users\\84929\\Desktop\\PTUDW\\app-chat\\dist\\routes\\user.route.js',
2021-12-12T22:03:33:     'C:\\Users\\84929\\Desktop\\PTUDW\\app-chat\\dist\\routes\\index.js',
2021-12-12T22:03:33:     'C:\\Users\\84929\\Desktop\\PTUDW\\app-chat\\dist\\app.js'
2021-12-12T22:03:33:   ]
2021-12-12T22:03:33: }
2021-12-12T22:03:33: Error: Cannot find module 'bcrypt'
2021-12-12T22:03:33: Require stack:
2021-12-12T22:03:33: - C:\Users\84929\Desktop\PTUDW\app-chat\dist\service\user.service.js
2021-12-12T22:03:33: - C:\Users\84929\Desktop\PTUDW\app-chat\dist\controller\user.controller.js
2021-12-12T22:03:33: - C:\Users\84929\Desktop\PTUDW\app-chat\dist\routes\user.route.js
2021-12-12T22:03:33: - C:\Users\84929\Desktop\PTUDW\app-chat\dist\routes\index.js
2021-12-12T22:03:33: - C:\Users\84929\Desktop\PTUDW\app-chat\dist\app.js
2021-12-12T22:03:33:     at Function.Module._resolveFilename (internal/modules/cjs/loader.js:889:15)
2021-12-12T22:03:33:     at Module.Hook._require.Module.require (C:\Users\84929\AppData\Roaming\npm\node_modules\pm2\node_modules\require-in-the-middle\index.js:61:29)
2021-12-12T22:03:33:     at require (internal/modules/cjs/helpers.js:92:18)
2021-12-12T22:03:33:     at Object.<anonymous> (C:\Users\84929\Desktop\PTUDW\app-chat\dist\service\user.service.js:12:16)
2021-12-12T22:03:33:     at Module._compile (internal/modules/cjs/loader.js:1072:14)
2021-12-12T22:03:33:     at Object.Module._extensions..js (internal/modules/cjs/loader.js:1101:10)
2021-12-12T22:03:33:     at Module.load (internal/modules/cjs/loader.js:937:32)
2021-12-12T22:03:33:     at Function.Module._load (internal/modules/cjs/loader.js:778:12)
2021-12-12T22:03:33:     at Module.require (internal/modules/cjs/loader.js:961:19)
2021-12-12T22:03:33:     at Module.Hook._require.Module.require (C:\Users\84929\AppData\Roaming\npm\node_modules\pm2\node_modules\require-in-the-middle\index.js:80:39) {
2021-12-12T22:03:33:   code: 'MODULE_NOT_FOUND',
2021-12-12T22:03:33:   requireStack: [
2021-12-12T22:03:33:     'C:\\Users\\84929\\Desktop\\PTUDW\\app-chat\\dist\\service\\user.service.js',
2021-12-12T22:03:33:     'C:\\Users\\84929\\Desktop\\PTUDW\\app-chat\\dist\\controller\\user.controller.js',
2021-12-12T22:03:33:     'C:\\Users\\84929\\Desktop\\PTUDW\\app-chat\\dist\\routes\\user.route.js',
2021-12-12T22:03:33:     'C:\\Users\\84929\\Desktop\\PTUDW\\app-chat\\dist\\routes\\index.js',
2021-12-12T22:03:33:     'C:\\Users\\84929\\Desktop\\PTUDW\\app-chat\\dist\\app.js'
2021-12-12T22:03:33:   ]
2021-12-12T22:03:33: }
2021-12-12T22:03:34: Error: Cannot find module 'bcrypt'
2021-12-12T22:03:34: Require stack:
2021-12-12T22:03:34: - C:\Users\84929\Desktop\PTUDW\app-chat\dist\service\user.service.js
2021-12-12T22:03:34: - C:\Users\84929\Desktop\PTUDW\app-chat\dist\controller\user.controller.js
2021-12-12T22:03:34: - C:\Users\84929\Desktop\PTUDW\app-chat\dist\routes\user.route.js
2021-12-12T22:03:34: - C:\Users\84929\Desktop\PTUDW\app-chat\dist\routes\index.js
2021-12-12T22:03:34: - C:\Users\84929\Desktop\PTUDW\app-chat\dist\app.js
2021-12-12T22:03:34:     at Function.Module._resolveFilename (internal/modules/cjs/loader.js:889:15)
2021-12-12T22:03:34:     at Module.Hook._require.Module.require (C:\Users\84929\AppData\Roaming\npm\node_modules\pm2\node_modules\require-in-the-middle\index.js:61:29)
2021-12-12T22:03:34:     at require (internal/modules/cjs/helpers.js:92:18)
2021-12-12T22:03:34:     at Object.<anonymous> (C:\Users\84929\Desktop\PTUDW\app-chat\dist\service\user.service.js:12:16)
2021-12-12T22:03:34:     at Module._compile (internal/modules/cjs/loader.js:1072:14)
2021-12-12T22:03:34:     at Object.Module._extensions..js (internal/modules/cjs/loader.js:1101:10)
2021-12-12T22:03:34:     at Module.load (internal/modules/cjs/loader.js:937:32)
2021-12-12T22:03:34:     at Function.Module._load (internal/modules/cjs/loader.js:778:12)
2021-12-12T22:03:34:     at Module.require (internal/modules/cjs/loader.js:961:19)
2021-12-12T22:03:34:     at Module.Hook._require.Module.require (C:\Users\84929\AppData\Roaming\npm\node_modules\pm2\node_modules\require-in-the-middle\index.js:80:39) {
2021-12-12T22:03:34:   code: 'MODULE_NOT_FOUND',
2021-12-12T22:03:34:   requireStack: [
2021-12-12T22:03:34:     'C:\\Users\\84929\\Desktop\\PTUDW\\app-chat\\dist\\service\\user.service.js',
2021-12-12T22:03:34:     'C:\\Users\\84929\\Desktop\\PTUDW\\app-chat\\dist\\controller\\user.controller.js',
2021-12-12T22:03:34:     'C:\\Users\\84929\\Desktop\\PTUDW\\app-chat\\dist\\routes\\user.route.js',
2021-12-12T22:03:34:     'C:\\Users\\84929\\Desktop\\PTUDW\\app-chat\\dist\\routes\\index.js',
2021-12-12T22:03:34:     'C:\\Users\\84929\\Desktop\\PTUDW\\app-chat\\dist\\app.js'
2021-12-12T22:03:34:   ]
2021-12-12T22:03:34: }
2021-12-12T22:03:34: Error: Cannot find module 'bcrypt'
2021-12-12T22:03:34: Require stack:
2021-12-12T22:03:34: - C:\Users\84929\Desktop\PTUDW\app-chat\dist\service\user.service.js
2021-12-12T22:03:34: - C:\Users\84929\Desktop\PTUDW\app-chat\dist\controller\user.controller.js
2021-12-12T22:03:34: - C:\Users\84929\Desktop\PTUDW\app-chat\dist\routes\user.route.js
2021-12-12T22:03:34: - C:\Users\84929\Desktop\PTUDW\app-chat\dist\routes\index.js
2021-12-12T22:03:34: - C:\Users\84929\Desktop\PTUDW\app-chat\dist\app.js
2021-12-12T22:03:34:     at Function.Module._resolveFilename (internal/modules/cjs/loader.js:889:15)
2021-12-12T22:03:34:     at Module.Hook._require.Module.require (C:\Users\84929\AppData\Roaming\npm\node_modules\pm2\node_modules\require-in-the-middle\index.js:61:29)
2021-12-12T22:03:34:     at require (internal/modules/cjs/helpers.js:92:18)
2021-12-12T22:03:34:     at Object.<anonymous> (C:\Users\84929\Desktop\PTUDW\app-chat\dist\service\user.service.js:12:16)
2021-12-12T22:03:34:     at Module._compile (internal/modules/cjs/loader.js:1072:14)
2021-12-12T22:03:34:     at Object.Module._extensions..js (internal/modules/cjs/loader.js:1101:10)
2021-12-12T22:03:34:     at Module.load (internal/modules/cjs/loader.js:937:32)
2021-12-12T22:03:34:     at Function.Module._load (internal/modules/cjs/loader.js:778:12)
2021-12-12T22:03:34:     at Module.require (internal/modules/cjs/loader.js:961:19)
2021-12-12T22:03:34:     at Module.Hook._require.Module.require (C:\Users\84929\AppData\Roaming\npm\node_modules\pm2\node_modules\require-in-the-middle\index.js:80:39) {
2021-12-12T22:03:34:   code: 'MODULE_NOT_FOUND',
2021-12-12T22:03:34:   requireStack: [
2021-12-12T22:03:34:     'C:\\Users\\84929\\Desktop\\PTUDW\\app-chat\\dist\\service\\user.service.js',
2021-12-12T22:03:34:     'C:\\Users\\84929\\Desktop\\PTUDW\\app-chat\\dist\\controller\\user.controller.js',
2021-12-12T22:03:34:     'C:\\Users\\84929\\Desktop\\PTUDW\\app-chat\\dist\\routes\\user.route.js',
2021-12-12T22:03:34:     'C:\\Users\\84929\\Desktop\\PTUDW\\app-chat\\dist\\routes\\index.js',
2021-12-12T22:03:34:     'C:\\Users\\84929\\Desktop\\PTUDW\\app-chat\\dist\\app.js'
2021-12-12T22:03:34:   ]
2021-12-12T22:03:34: }
2021-12-12T22:03:35: Error: Cannot find module 'bcrypt'
2021-12-12T22:03:35: Require stack:
2021-12-12T22:03:35: - C:\Users\84929\Desktop\PTUDW\app-chat\dist\service\user.service.js
2021-12-12T22:03:35: - C:\Users\84929\Desktop\PTUDW\app-chat\dist\controller\user.controller.js
2021-12-12T22:03:35: - C:\Users\84929\Desktop\PTUDW\app-chat\dist\routes\user.route.js
2021-12-12T22:03:35: - C:\Users\84929\Desktop\PTUDW\app-chat\dist\routes\index.js
2021-12-12T22:03:35: - C:\Users\84929\Desktop\PTUDW\app-chat\dist\app.js
2021-12-12T22:03:35:     at Function.Module._resolveFilename (internal/modules/cjs/loader.js:889:15)
2021-12-12T22:03:35:     at Module.Hook._require.Module.require (C:\Users\84929\AppData\Roaming\npm\node_modules\pm2\node_modules\require-in-the-middle\index.js:61:29)
2021-12-12T22:03:35:     at require (internal/modules/cjs/helpers.js:92:18)
2021-12-12T22:03:35:     at Object.<anonymous> (C:\Users\84929\Desktop\PTUDW\app-chat\dist\service\user.service.js:12:16)
2021-12-12T22:03:35:     at Module._compile (internal/modules/cjs/loader.js:1072:14)
2021-12-12T22:03:35:     at Object.Module._extensions..js (internal/modules/cjs/loader.js:1101:10)
2021-12-12T22:03:35:     at Module.load (internal/modules/cjs/loader.js:937:32)
2021-12-12T22:03:35:     at Function.Module._load (internal/modules/cjs/loader.js:778:12)
2021-12-12T22:03:35:     at Module.require (internal/modules/cjs/loader.js:961:19)
2021-12-12T22:03:35:     at Module.Hook._require.Module.require (C:\Users\84929\AppData\Roaming\npm\node_modules\pm2\node_modules\require-in-the-middle\index.js:80:39) {
2021-12-12T22:03:35:   code: 'MODULE_NOT_FOUND',
2021-12-12T22:03:35:   requireStack: [
2021-12-12T22:03:35:     'C:\\Users\\84929\\Desktop\\PTUDW\\app-chat\\dist\\service\\user.service.js',
2021-12-12T22:03:35:     'C:\\Users\\84929\\Desktop\\PTUDW\\app-chat\\dist\\controller\\user.controller.js',
2021-12-12T22:03:35:     'C:\\Users\\84929\\Desktop\\PTUDW\\app-chat\\dist\\routes\\user.route.js',
2021-12-12T22:03:35:     'C:\\Users\\84929\\Desktop\\PTUDW\\app-chat\\dist\\routes\\index.js',
2021-12-12T22:03:35:     'C:\\Users\\84929\\Desktop\\PTUDW\\app-chat\\dist\\app.js'
2021-12-12T22:03:35:   ]
2021-12-12T22:03:35: }
2021-12-12T22:04:03: Server listen at 3000
2021-12-12T22:04:03: connect to mongoDB
2021-12-12T22:08:53: Server listen at 3000
2021-12-12T22:08:53: connect to mongoDB
2021-12-12T22:27:59: Server listen at 3000
2021-12-12T22:28:00: connect to mongoDB
2021-12-12T22:31:10: Server listen at 3000
2021-12-12T22:31:10: connect to mongoDB
2021-12-12T22:32:15: MongoServerError: E11000 duplicate key error collection: AppChat.users index: name_1 dup key: { name: "vochihieu2ss" }
2021-12-12T22:32:15:     at C:\Users\84929\Desktop\PTUDW\app-chat\node_modules\mongodb\lib\operations\insert.js:51:33
2021-12-12T22:32:15:     at C:\Users\84929\Desktop\PTUDW\app-chat\node_modules\mongodb\lib\cmap\connection_pool.js:272:25
2021-12-12T22:32:15:     at handleOperationResult (C:\Users\84929\Desktop\PTUDW\app-chat\node_modules\mongodb\lib\sdam\server.js:363:9)
2021-12-12T22:32:15:     at MessageStream.messageHandler (C:\Users\84929\Desktop\PTUDW\app-chat\node_modules\mongodb\lib\cmap\connection.js:479:9)
2021-12-12T22:32:15:     at MessageStream.emit (events.js:400:28)
2021-12-12T22:32:15:     at processIncomingData (C:\Users\84929\Desktop\PTUDW\app-chat\node_modules\mongodb\lib\cmap\message_stream.js:108:16)
2021-12-12T22:32:15:     at MessageStream._write (C:\Users\84929\Desktop\PTUDW\app-chat\node_modules\mongodb\lib\cmap\message_stream.js:28:9)
2021-12-12T22:32:15:     at writeOrBuffer (internal/streams/writable.js:358:12)
2021-12-12T22:32:15:     at MessageStream.Writable.write (internal/streams/writable.js:303:10)
2021-12-12T22:32:15:     at Socket.ondata (internal/streams/readable.js:726:22) {
2021-12-12T22:32:15:   index: 0,
2021-12-12T22:32:15:   code: 11000,
2021-12-12T22:32:15:   keyPattern: { name: 1 },
2021-12-12T22:32:15:   keyValue: { name: 'vochihieu2ss' }
2021-12-12T22:32:15: }
2021-12-12T22:34:10: Server listen at 3000
2021-12-12T22:34:10: connect to mongoDB
2021-12-12T22:34:12: MongoServerError: E11000 duplicate key error collection: AppChat.users index: name_1 dup key: { name: "vochihieu2ss" }
2021-12-12T22:34:12:     at C:\Users\84929\Desktop\PTUDW\app-chat\node_modules\mongodb\lib\operations\insert.js:51:33
2021-12-12T22:34:12:     at C:\Users\84929\Desktop\PTUDW\app-chat\node_modules\mongodb\lib\cmap\connection_pool.js:272:25
2021-12-12T22:34:12:     at handleOperationResult (C:\Users\84929\Desktop\PTUDW\app-chat\node_modules\mongodb\lib\sdam\server.js:363:9)
2021-12-12T22:34:12:     at MessageStream.messageHandler (C:\Users\84929\Desktop\PTUDW\app-chat\node_modules\mongodb\lib\cmap\connection.js:479:9)
2021-12-12T22:34:12:     at MessageStream.emit (events.js:400:28)
2021-12-12T22:34:12:     at processIncomingData (C:\Users\84929\Desktop\PTUDW\app-chat\node_modules\mongodb\lib\cmap\message_stream.js:108:16)
2021-12-12T22:34:12:     at MessageStream._write (C:\Users\84929\Desktop\PTUDW\app-chat\node_modules\mongodb\lib\cmap\message_stream.js:28:9)
2021-12-12T22:34:12:     at writeOrBuffer (internal/streams/writable.js:358:12)
2021-12-12T22:34:12:     at MessageStream.Writable.write (internal/streams/writable.js:303:10)
2021-12-12T22:34:12:     at Socket.ondata (internal/streams/readable.js:726:22) {
2021-12-12T22:34:12:   index: 0,
2021-12-12T22:34:12:   code: 11000,
2021-12-12T22:34:12:   keyPattern: { name: 1 },
2021-12-12T22:34:12:   keyValue: { name: 'vochihieu2ss' }
2021-12-12T22:34:12: }
2021-12-12T22:37:07: Server listen at 3000
2021-12-12T22:37:08: connect to mongoDB
2021-12-12T22:40:25: Server listen at 3000
2021-12-12T22:40:28: connect to mongoDB
