
2021-12-05T20:57:03: Error: Route.post() requires a callback function but got a [object Undefined]
2021-12-05T20:57:03:     at Route.<computed> [as post] (C:\Users\84929\app-chat-api\app-chat\node_modules\express\lib\router\route.js:202:15)
2021-12-05T20:57:03:     at Function.proto.<computed> [as post] (C:\Users\84929\app-chat-api\app-chat\node_modules\express\lib\router\index.js:510:19)
2021-12-05T20:57:03:     at Object.<anonymous> (C:\Users\84929\app-chat-api\app-chat\dist\routes\uploadfile.route.js:8:8)
2021-12-05T20:57:03:     at Module._compile (internal/modules/cjs/loader.js:1072:14)
2021-12-05T20:57:03:     at Object.Module._extensions..js (internal/modules/cjs/loader.js:1101:10)
2021-12-05T20:57:03:     at Module.load (internal/modules/cjs/loader.js:937:32)
2021-12-05T20:57:03:     at Function.Module._load (internal/modules/cjs/loader.js:778:12)
2021-12-05T20:57:03:     at Module.require (internal/modules/cjs/loader.js:961:19)
2021-12-05T20:57:03:     at Module.Hook._require.Module.require (C:\Users\84929\AppData\Roaming\npm\node_modules\pm2\node_modules\require-in-the-middle\index.js:80:39)
2021-12-05T20:57:03:     at require (internal/modules/cjs/helpers.js:92:18)
2021-12-05T20:57:04: Error: Route.post() requires a callback function but got a [object Undefined]
2021-12-05T20:57:04:     at Route.<computed> [as post] (C:\Users\84929\app-chat-api\app-chat\node_modules\express\lib\router\route.js:202:15)
2021-12-05T20:57:04:     at Function.proto.<computed> [as post] (C:\Users\84929\app-chat-api\app-chat\node_modules\express\lib\router\index.js:510:19)
2021-12-05T20:57:04:     at Object.<anonymous> (C:\Users\84929\app-chat-api\app-chat\dist\routes\uploadfile.route.js:8:8)
2021-12-05T20:57:04:     at Module._compile (internal/modules/cjs/loader.js:1072:14)
2021-12-05T20:57:04:     at Object.Module._extensions..js (internal/modules/cjs/loader.js:1101:10)
2021-12-05T20:57:04:     at Module.load (internal/modules/cjs/loader.js:937:32)
2021-12-05T20:57:04:     at Function.Module._load (internal/modules/cjs/loader.js:778:12)
2021-12-05T20:57:04:     at Module.require (internal/modules/cjs/loader.js:961:19)
2021-12-05T20:57:04:     at Module.Hook._require.Module.require (C:\Users\84929\AppData\Roaming\npm\node_modules\pm2\node_modules\require-in-the-middle\index.js:80:39)
2021-12-05T20:57:04:     at require (internal/modules/cjs/helpers.js:92:18)
2021-12-05T20:57:05: Error: Route.post() requires a callback function but got a [object Undefined]
2021-12-05T20:57:05:     at Route.<computed> [as post] (C:\Users\84929\app-chat-api\app-chat\node_modules\express\lib\router\route.js:202:15)
2021-12-05T20:57:05:     at Function.proto.<computed> [as post] (C:\Users\84929\app-chat-api\app-chat\node_modules\express\lib\router\index.js:510:19)
2021-12-05T20:57:05:     at Object.<anonymous> (C:\Users\84929\app-chat-api\app-chat\dist\routes\uploadfile.route.js:8:8)
2021-12-05T20:57:05:     at Module._compile (internal/modules/cjs/loader.js:1072:14)
2021-12-05T20:57:05:     at Object.Module._extensions..js (internal/modules/cjs/loader.js:1101:10)
2021-12-05T20:57:05:     at Module.load (internal/modules/cjs/loader.js:937:32)
2021-12-05T20:57:05:     at Function.Module._load (internal/modules/cjs/loader.js:778:12)
2021-12-05T20:57:05:     at Module.require (internal/modules/cjs/loader.js:961:19)
2021-12-05T20:57:05:     at Module.Hook._require.Module.require (C:\Users\84929\AppData\Roaming\npm\node_modules\pm2\node_modules\require-in-the-middle\index.js:80:39)
2021-12-05T20:57:05:     at require (internal/modules/cjs/helpers.js:92:18)
2021-12-05T20:57:05: Error: Route.post() requires a callback function but got a [object Undefined]
2021-12-05T20:57:05:     at Route.<computed> [as post] (C:\Users\84929\app-chat-api\app-chat\node_modules\express\lib\router\route.js:202:15)
2021-12-05T20:57:05:     at Function.proto.<computed> [as post] (C:\Users\84929\app-chat-api\app-chat\node_modules\express\lib\router\index.js:510:19)
2021-12-05T20:57:05:     at Object.<anonymous> (C:\Users\84929\app-chat-api\app-chat\dist\routes\uploadfile.route.js:8:8)
2021-12-05T20:57:05:     at Module._compile (internal/modules/cjs/loader.js:1072:14)
2021-12-05T20:57:05:     at Object.Module._extensions..js (internal/modules/cjs/loader.js:1101:10)
2021-12-05T20:57:05:     at Module.load (internal/modules/cjs/loader.js:937:32)
2021-12-05T20:57:05:     at Function.Module._load (internal/modules/cjs/loader.js:778:12)
2021-12-05T20:57:05:     at Module.require (internal/modules/cjs/loader.js:961:19)
2021-12-05T20:57:05:     at Module.Hook._require.Module.require (C:\Users\84929\AppData\Roaming\npm\node_modules\pm2\node_modules\require-in-the-middle\index.js:80:39)
2021-12-05T20:57:05:     at require (internal/modules/cjs/helpers.js:92:18)
2021-12-05T20:57:06: Error: Route.post() requires a callback function but got a [object Undefined]
2021-12-05T20:57:06:     at Route.<computed> [as post] (C:\Users\84929\app-chat-api\app-chat\node_modules\express\lib\router\route.js:202:15)
2021-12-05T20:57:06:     at Function.proto.<computed> [as post] (C:\Users\84929\app-chat-api\app-chat\node_modules\express\lib\router\index.js:510:19)
2021-12-05T20:57:06:     at Object.<anonymous> (C:\Users\84929\app-chat-api\app-chat\dist\routes\uploadfile.route.js:8:8)
2021-12-05T20:57:06:     at Module._compile (internal/modules/cjs/loader.js:1072:14)
2021-12-05T20:57:06:     at Object.Module._extensions..js (internal/modules/cjs/loader.js:1101:10)
2021-12-05T20:57:06:     at Module.load (internal/modules/cjs/loader.js:937:32)
2021-12-05T20:57:06:     at Function.Module._load (internal/modules/cjs/loader.js:778:12)
2021-12-05T20:57:06:     at Module.require (internal/modules/cjs/loader.js:961:19)
2021-12-05T20:57:06:     at Module.Hook._require.Module.require (C:\Users\84929\AppData\Roaming\npm\node_modules\pm2\node_modules\require-in-the-middle\index.js:80:39)
2021-12-05T20:57:06:     at require (internal/modules/cjs/helpers.js:92:18)
2021-12-05T20:57:07: Error: Route.post() requires a callback function but got a [object Undefined]
2021-12-05T20:57:07:     at Route.<computed> [as post] (C:\Users\84929\app-chat-api\app-chat\node_modules\express\lib\router\route.js:202:15)
2021-12-05T20:57:07:     at Function.proto.<computed> [as post] (C:\Users\84929\app-chat-api\app-chat\node_modules\express\lib\router\index.js:510:19)
2021-12-05T20:57:07:     at Object.<anonymous> (C:\Users\84929\app-chat-api\app-chat\dist\routes\uploadfile.route.js:8:8)
2021-12-05T20:57:07:     at Module._compile (internal/modules/cjs/loader.js:1072:14)
2021-12-05T20:57:07:     at Object.Module._extensions..js (internal/modules/cjs/loader.js:1101:10)
2021-12-05T20:57:07:     at Module.load (internal/modules/cjs/loader.js:937:32)
2021-12-05T20:57:07:     at Function.Module._load (internal/modules/cjs/loader.js:778:12)
2021-12-05T20:57:07:     at Module.require (internal/modules/cjs/loader.js:961:19)
2021-12-05T20:57:07:     at Module.Hook._require.Module.require (C:\Users\84929\AppData\Roaming\npm\node_modules\pm2\node_modules\require-in-the-middle\index.js:80:39)
2021-12-05T20:57:07:     at require (internal/modules/cjs/helpers.js:92:18)
2021-12-05T20:57:07: Error: Route.post() requires a callback function but got a [object Undefined]
2021-12-05T20:57:07:     at Route.<computed> [as post] (C:\Users\84929\app-chat-api\app-chat\node_modules\express\lib\router\route.js:202:15)
2021-12-05T20:57:07:     at Function.proto.<computed> [as post] (C:\Users\84929\app-chat-api\app-chat\node_modules\express\lib\router\index.js:510:19)
2021-12-05T20:57:07:     at Object.<anonymous> (C:\Users\84929\app-chat-api\app-chat\dist\routes\uploadfile.route.js:8:8)
2021-12-05T20:57:07:     at Module._compile (internal/modules/cjs/loader.js:1072:14)
2021-12-05T20:57:07:     at Object.Module._extensions..js (internal/modules/cjs/loader.js:1101:10)
2021-12-05T20:57:07:     at Module.load (internal/modules/cjs/loader.js:937:32)
2021-12-05T20:57:07:     at Function.Module._load (internal/modules/cjs/loader.js:778:12)
2021-12-05T20:57:07:     at Module.require (internal/modules/cjs/loader.js:961:19)
2021-12-05T20:57:07:     at Module.Hook._require.Module.require (C:\Users\84929\AppData\Roaming\npm\node_modules\pm2\node_modules\require-in-the-middle\index.js:80:39)
2021-12-05T20:57:07:     at require (internal/modules/cjs/helpers.js:92:18)
2021-12-05T20:57:08: Error: Route.post() requires a callback function but got a [object Undefined]
2021-12-05T20:57:08:     at Route.<computed> [as post] (C:\Users\84929\app-chat-api\app-chat\node_modules\express\lib\router\route.js:202:15)
2021-12-05T20:57:08:     at Function.proto.<computed> [as post] (C:\Users\84929\app-chat-api\app-chat\node_modules\express\lib\router\index.js:510:19)
2021-12-05T20:57:08:     at Object.<anonymous> (C:\Users\84929\app-chat-api\app-chat\dist\routes\uploadfile.route.js:8:8)
2021-12-05T20:57:08:     at Module._compile (internal/modules/cjs/loader.js:1072:14)
2021-12-05T20:57:08:     at Object.Module._extensions..js (internal/modules/cjs/loader.js:1101:10)
2021-12-05T20:57:08:     at Module.load (internal/modules/cjs/loader.js:937:32)
2021-12-05T20:57:08:     at Function.Module._load (internal/modules/cjs/loader.js:778:12)
2021-12-05T20:57:08:     at Module.require (internal/modules/cjs/loader.js:961:19)
2021-12-05T20:57:08:     at Module.Hook._require.Module.require (C:\Users\84929\AppData\Roaming\npm\node_modules\pm2\node_modules\require-in-the-middle\index.js:80:39)
2021-12-05T20:57:08:     at require (internal/modules/cjs/helpers.js:92:18)
2021-12-05T20:57:09: Error: Route.post() requires a callback function but got a [object Undefined]
2021-12-05T20:57:09:     at Route.<computed> [as post] (C:\Users\84929\app-chat-api\app-chat\node_modules\express\lib\router\route.js:202:15)
2021-12-05T20:57:09:     at Function.proto.<computed> [as post] (C:\Users\84929\app-chat-api\app-chat\node_modules\express\lib\router\index.js:510:19)
2021-12-05T20:57:09:     at Object.<anonymous> (C:\Users\84929\app-chat-api\app-chat\dist\routes\uploadfile.route.js:8:8)
2021-12-05T20:57:09:     at Module._compile (internal/modules/cjs/loader.js:1072:14)
2021-12-05T20:57:09:     at Object.Module._extensions..js (internal/modules/cjs/loader.js:1101:10)
2021-12-05T20:57:09:     at Module.load (internal/modules/cjs/loader.js:937:32)
2021-12-05T20:57:09:     at Function.Module._load (internal/modules/cjs/loader.js:778:12)
2021-12-05T20:57:09:     at Module.require (internal/modules/cjs/loader.js:961:19)
2021-12-05T20:57:09:     at Module.Hook._require.Module.require (C:\Users\84929\AppData\Roaming\npm\node_modules\pm2\node_modules\require-in-the-middle\index.js:80:39)
2021-12-05T20:57:09:     at require (internal/modules/cjs/helpers.js:92:18)
2021-12-05T20:57:09: Error: Route.post() requires a callback function but got a [object Undefined]
2021-12-05T20:57:09:     at Route.<computed> [as post] (C:\Users\84929\app-chat-api\app-chat\node_modules\express\lib\router\route.js:202:15)
2021-12-05T20:57:09:     at Function.proto.<computed> [as post] (C:\Users\84929\app-chat-api\app-chat\node_modules\express\lib\router\index.js:510:19)
2021-12-05T20:57:09:     at Object.<anonymous> (C:\Users\84929\app-chat-api\app-chat\dist\routes\uploadfile.route.js:8:8)
2021-12-05T20:57:09:     at Module._compile (internal/modules/cjs/loader.js:1072:14)
2021-12-05T20:57:09:     at Object.Module._extensions..js (internal/modules/cjs/loader.js:1101:10)
2021-12-05T20:57:09:     at Module.load (internal/modules/cjs/loader.js:937:32)
2021-12-05T20:57:09:     at Function.Module._load (internal/modules/cjs/loader.js:778:12)
2021-12-05T20:57:09:     at Module.require (internal/modules/cjs/loader.js:961:19)
2021-12-05T20:57:09:     at Module.Hook._require.Module.require (C:\Users\84929\AppData\Roaming\npm\node_modules\pm2\node_modules\require-in-the-middle\index.js:80:39)
2021-12-05T20:57:09:     at require (internal/modules/cjs/helpers.js:92:18)
2021-12-05T20:57:10: Error: Route.post() requires a callback function but got a [object Undefined]
2021-12-05T20:57:10:     at Route.<computed> [as post] (C:\Users\84929\app-chat-api\app-chat\node_modules\express\lib\router\route.js:202:15)
2021-12-05T20:57:10:     at Function.proto.<computed> [as post] (C:\Users\84929\app-chat-api\app-chat\node_modules\express\lib\router\index.js:510:19)
2021-12-05T20:57:10:     at Object.<anonymous> (C:\Users\84929\app-chat-api\app-chat\dist\routes\uploadfile.route.js:8:8)
2021-12-05T20:57:10:     at Module._compile (internal/modules/cjs/loader.js:1072:14)
2021-12-05T20:57:10:     at Object.Module._extensions..js (internal/modules/cjs/loader.js:1101:10)
2021-12-05T20:57:10:     at Module.load (internal/modules/cjs/loader.js:937:32)
2021-12-05T20:57:10:     at Function.Module._load (internal/modules/cjs/loader.js:778:12)
2021-12-05T20:57:10:     at Module.require (internal/modules/cjs/loader.js:961:19)
2021-12-05T20:57:10:     at Module.Hook._require.Module.require (C:\Users\84929\AppData\Roaming\npm\node_modules\pm2\node_modules\require-in-the-middle\index.js:80:39)
2021-12-05T20:57:10:     at require (internal/modules/cjs/helpers.js:92:18)
2021-12-05T20:57:11: Error: Route.post() requires a callback function but got a [object Undefined]
2021-12-05T20:57:11:     at Route.<computed> [as post] (C:\Users\84929\app-chat-api\app-chat\node_modules\express\lib\router\route.js:202:15)
2021-12-05T20:57:11:     at Function.proto.<computed> [as post] (C:\Users\84929\app-chat-api\app-chat\node_modules\express\lib\router\index.js:510:19)
2021-12-05T20:57:11:     at Object.<anonymous> (C:\Users\84929\app-chat-api\app-chat\dist\routes\uploadfile.route.js:8:8)
2021-12-05T20:57:11:     at Module._compile (internal/modules/cjs/loader.js:1072:14)
2021-12-05T20:57:11:     at Object.Module._extensions..js (internal/modules/cjs/loader.js:1101:10)
2021-12-05T20:57:11:     at Module.load (internal/modules/cjs/loader.js:937:32)
2021-12-05T20:57:11:     at Function.Module._load (internal/modules/cjs/loader.js:778:12)
2021-12-05T20:57:11:     at Module.require (internal/modules/cjs/loader.js:961:19)
2021-12-05T20:57:11:     at Module.Hook._require.Module.require (C:\Users\84929\AppData\Roaming\npm\node_modules\pm2\node_modules\require-in-the-middle\index.js:80:39)
2021-12-05T20:57:11:     at require (internal/modules/cjs/helpers.js:92:18)
2021-12-05T20:57:11: Error: Route.post() requires a callback function but got a [object Undefined]
2021-12-05T20:57:11:     at Route.<computed> [as post] (C:\Users\84929\app-chat-api\app-chat\node_modules\express\lib\router\route.js:202:15)
2021-12-05T20:57:11:     at Function.proto.<computed> [as post] (C:\Users\84929\app-chat-api\app-chat\node_modules\express\lib\router\index.js:510:19)
2021-12-05T20:57:11:     at Object.<anonymous> (C:\Users\84929\app-chat-api\app-chat\dist\routes\uploadfile.route.js:8:8)
2021-12-05T20:57:11:     at Module._compile (internal/modules/cjs/loader.js:1072:14)
2021-12-05T20:57:11:     at Object.Module._extensions..js (internal/modules/cjs/loader.js:1101:10)
2021-12-05T20:57:11:     at Module.load (internal/modules/cjs/loader.js:937:32)
2021-12-05T20:57:11:     at Function.Module._load (internal/modules/cjs/loader.js:778:12)
2021-12-05T20:57:11:     at Module.require (internal/modules/cjs/loader.js:961:19)
2021-12-05T20:57:11:     at Module.Hook._require.Module.require (C:\Users\84929\AppData\Roaming\npm\node_modules\pm2\node_modules\require-in-the-middle\index.js:80:39)
2021-12-05T20:57:11:     at require (internal/modules/cjs/helpers.js:92:18)
