2021-12-12T22:31:10: Server listen at 3000
2021-12-12T22:31:10: connect to mongoDB
2021-12-12T22:32:15: MongoServerError: E11000 duplicate key error collection: AppChat.users index: name_1 dup key: { name: "vochihieu2ss" }
2021-12-12T22:32:15:     at C:\Users\84929\Desktop\PTUDW\app-chat\node_modules\mongodb\lib\operations\insert.js:51:33
2021-12-12T22:32:15:     at C:\Users\84929\Desktop\PTUDW\app-chat\node_modules\mongodb\lib\cmap\connection_pool.js:272:25
2021-12-12T22:32:15:     at handleOperationResult (C:\Users\84929\Desktop\PTUDW\app-chat\node_modules\mongodb\lib\sdam\server.js:363:9)
2021-12-12T22:32:15:     at MessageStream.messageHandler (C:\Users\84929\Desktop\PTUDW\app-chat\node_modules\mongodb\lib\cmap\connection.js:479:9)
2021-12-12T22:32:15:     at MessageStream.emit (events.js:400:28)
2021-12-12T22:32:15:     at processIncomingData (C:\Users\84929\Desktop\PTUDW\app-chat\node_modules\mongodb\lib\cmap\message_stream.js:108:16)
2021-12-12T22:32:15:     at MessageStream._write (C:\Users\84929\Desktop\PTUDW\app-chat\node_modules\mongodb\lib\cmap\message_stream.js:28:9)
2021-12-12T22:32:15:     at writeOrBuffer (internal/streams/writable.js:358:12)
2021-12-12T22:32:15:     at MessageStream.Writable.write (internal/streams/writable.js:303:10)
2021-12-12T22:32:15:     at Socket.ondata (internal/streams/readable.js:726:22) {
2021-12-12T22:32:15:   index: 0,
2021-12-12T22:32:15:   code: 11000,
2021-12-12T22:32:15:   keyPattern: { name: 1 },
2021-12-12T22:32:15:   keyValue: { name: 'vochihieu2ss' }
2021-12-12T22:32:15: }
2021-12-12T22:34:10: Server listen at 3000
2021-12-12T22:34:10: connect to mongoDB
2021-12-12T22:34:12: MongoServerError: E11000 duplicate key error collection: AppChat.users index: name_1 dup key: { name: "vochihieu2ss" }
2021-12-12T22:34:12:     at C:\Users\84929\Desktop\PTUDW\app-chat\node_modules\mongodb\lib\operations\insert.js:51:33
2021-12-12T22:34:12:     at C:\Users\84929\Desktop\PTUDW\app-chat\node_modules\mongodb\lib\cmap\connection_pool.js:272:25
2021-12-12T22:34:12:     at handleOperationResult (C:\Users\84929\Desktop\PTUDW\app-chat\node_modules\mongodb\lib\sdam\server.js:363:9)
2021-12-12T22:34:12:     at MessageStream.messageHandler (C:\Users\84929\Desktop\PTUDW\app-chat\node_modules\mongodb\lib\cmap\connection.js:479:9)
2021-12-12T22:34:12:     at MessageStream.emit (events.js:400:28)
2021-12-12T22:34:12:     at processIncomingData (C:\Users\84929\Desktop\PTUDW\app-chat\node_modules\mongodb\lib\cmap\message_stream.js:108:16)
2021-12-12T22:34:12:     at MessageStream._write (C:\Users\84929\Desktop\PTUDW\app-chat\node_modules\mongodb\lib\cmap\message_stream.js:28:9)
2021-12-12T22:34:12:     at writeOrBuffer (internal/streams/writable.js:358:12)
2021-12-12T22:34:12:     at MessageStream.Writable.write (internal/streams/writable.js:303:10)
2021-12-12T22:34:12:     at Socket.ondata (internal/streams/readable.js:726:22) {
2021-12-12T22:34:12:   index: 0,
2021-12-12T22:34:12:   code: 11000,
2021-12-12T22:34:12:   keyPattern: { name: 1 },
2021-12-12T22:34:12:   keyValue: { name: 'vochihieu2ss' }
2021-12-12T22:34:12: }
2021-12-12T22:37:07: Server listen at 3000
2021-12-12T22:37:08: connect to mongoDB
2021-12-12T22:40:25: Server listen at 3000
2021-12-12T22:40:28: connect to mongoDB
